sdk/mesdk3.10/nmjs-api/build/intermediates/manifest_merge_blame_file/release/manifest-merger-blame-release-report.txt
1<?xml version="1.0" encoding="utf-8"?>
2<manifest xmlns:android="http://schemas.android.com/apk/res/android"
3    package="com.newland.mtype"
4    android:versionCode="1"
5    android:versionName="1.0" >
6
7    <uses-sdk
8        android:minSdkVersion="19"
8-->mesdk3.10\nmjs-api\AndroidManifest.xml
9        android:targetSdkVersion="22" />
9-->mesdk3.10\nmjs-api\AndroidManifest.xml
10
11    <application android:label="@string/app_name" >
11-->mesdk3.10\nmjs-api\AndroidManifest.xml:7:5-8:19
11-->mesdk3.10\nmjs-api\AndroidManifest.xml:7:18-50
12    </application>
13
14</manifest>